TN:
SF:/home/node/index.js
FN:4,(anonymous_0)
FN:5,(anonymous_1)
FNF:2
FNH:0
FNDA:0,(anonymous_0)
FNDA:0,(anonymous_1)
DA:1,0
DA:3,0
DA:4,0
DA:6,0
DA:7,0
LF:5
LH:0
BRF:0
BRH:0
end_of_record
TN:
SF:/home/node/server/index.js
FN:5,createServer
FN:27,(anonymous_1)
FN:32,(anonymous_2)
FNF:3
FNH:1
FNDA:10,createServer
FNDA:0,(anonymous_1)
FNDA:0,(anonymous_2)
DA:1,3
DA:2,3
DA:3,3
DA:7,10
DA:19,10
DA:20,10
DA:22,10
DA:23,10
DA:24,10
DA:27,10
DA:28,0
DA:29,0
DA:32,10
DA:33,0
DA:34,0
DA:37,10
DA:38,10
DA:41,3
LF:18
LH:14
BRDA:22,0,0,10
BRDA:22,0,1,0
BRF:2
BRH:1
end_of_record
TN:
SF:/home/node/server/config/database-config.js
FNF:0
FNH:0
DA:1,13
DA:10,13
DA:16,13
LF:3
LH:3
BRDA:4,0,0,13
BRDA:4,0,1,0
BRDA:5,1,0,13
BRDA:5,1,1,0
BRDA:6,2,0,13
BRDA:6,2,1,0
BRF:6
BRH:3
end_of_record
TN:
SF:/home/node/server/config/index.js
FNF:0
FNH:0
DA:1,13
DA:2,13
DA:3,13
DA:5,13
DA:10,13
DA:15,13
DA:19,13
DA:20,1
DA:23,12
DA:31,12
LF:10
LH:10
BRDA:19,0,0,1
BRDA:19,0,1,12
BRF:2
BRH:2
end_of_record
TN:
SF:/home/node/server/config/mq-config.js
FNF:0
FNH:0
DA:1,12
DA:3,12
DA:16,12
DA:28,12
DA:33,12
DA:34,0
DA:37,12
DA:39,12
LF:8
LH:7
BRDA:33,0,0,0
BRDA:33,0,1,12
BRF:2
BRH:1
end_of_record
TN:
SF:/home/node/server/models/index.js
FN:20,(anonymous_0)
FN:23,(anonymous_1)
FN:28,(anonymous_2)
FNF:3
FNH:3
FNDA:18,(anonymous_0)
FNDA:6,(anonymous_1)
FNDA:6,(anonymous_2)
DA:3,6
DA:4,6
DA:5,6
DA:6,6
DA:7,6
DA:8,6
DA:9,6
DA:12,6
DA:13,0
DA:15,6
DA:18,6
DA:21,18
DA:24,6
DA:25,6
DA:28,6
DA:29,6
DA:30,6
DA:34,6
DA:35,6
DA:37,6
LF:20
LH:19
BRDA:7,0,0,6
BRDA:7,0,1,0
BRDA:12,1,0,0
BRDA:12,1,1,6
BRDA:21,2,0,18
BRDA:21,2,1,18
BRDA:21,2,2,12
BRDA:29,3,0,6
BRDA:29,3,1,0
BRF:9
BRH:6
end_of_record
TN:
SF:/home/node/server/models/plan.js
FN:2,(anonymous_0)
FN:14,(anonymous_1)
FNF:2
FNH:2
FNDA:6,(anonymous_0)
FNDA:6,(anonymous_1)
DA:2,7
DA:3,6
DA:7,6
DA:12,6
DA:14,6
DA:18,6
LF:6
LH:6
BRF:0
BRH:0
end_of_record
TN:
SF:/home/node/server/plugins/error-pages.js
FN:6,(anonymous_0)
FN:7,(anonymous_1)
FNF:2
FNH:2
FNDA:10,(anonymous_0)
FNDA:10,(anonymous_1)
DA:1,3
DA:3,3
DA:7,10
DA:8,10
LF:4
LH:4
BRDA:8,0,0,3
BRDA:8,0,1,7
BRF:2
BRH:2
end_of_record
TN:
SF:/home/node/server/plugins/logging.js
FNF:0
FNH:0
DA:1,3
LF:1
LH:1
BRF:0
BRH:0
end_of_record
TN:
SF:/home/node/server/plugins/process-error-response.js
FN:2,processErrorResponse
FNF:1
FNH:1
FNDA:3,processErrorResponse
DA:3,3
DA:4,3
DA:5,3
DA:6,1
DA:12,3
DA:14,3
LF:6
LH:6
BRDA:5,0,0,1
BRDA:5,0,1,2
BRF:2
BRH:2
end_of_record
TN:
SF:/home/node/server/plugins/router.js
FN:11,(anonymous_0)
FNF:1
FNH:1
FNDA:10,(anonymous_0)
DA:1,3
DA:8,3
DA:12,10
LF:3
LH:3
BRF:0
BRH:0
end_of_record
TN:
SF:/home/node/server/repository/plan-repository.js
FN:4,(anonymous_0)
FN:11,(anonymous_1)
FNF:2
FNH:2
FNDA:2,(anonymous_0)
FNDA:1,(anonymous_1)
DA:1,5
DA:3,5
DA:5,2
DA:12,1
LF:4
LH:4
BRF:0
BRH:0
end_of_record
TN:
SF:/home/node/server/routes/error.js
FN:5,(anonymous_0)
FNF:1
FNH:1
FNDA:1,(anonymous_0)
DA:1,3
DA:6,1
LF:2
LH:2
BRF:0
BRH:0
end_of_record
TN:
SF:/home/node/server/routes/healthy.js
FN:7,(anonymous_0)
FNF:1
FNH:1
FNDA:4,(anonymous_0)
DA:1,3
DA:3,3
DA:8,4
DA:9,2
DA:11,2
LF:5
LH:5
BRDA:8,0,0,2
BRDA:8,0,1,2
BRF:2
BRH:2
end_of_record
TN:
SF:/home/node/server/routes/healthz.js
FN:5,(anonymous_0)
FNF:1
FNH:1
FNDA:1,(anonymous_0)
DA:1,3
DA:6,1
LF:2
LH:2
BRF:0
BRH:0
end_of_record
TN:
SF:/home/node/server/routes/submit.js
FN:10,(anonymous_0)
FN:15,(anonymous_1)
FNF:2
FNH:2
FNDA:1,(anonymous_0)
FNDA:1,(anonymous_1)
DA:1,3
DA:2,3
DA:4,3
DA:11,1
DA:12,1
DA:16,1
DA:17,1
DA:18,1
LF:8
LH:8
BRF:0
BRH:0
end_of_record
TN:
SF:/home/node/server/schema/plan.js
FNF:0
FNH:0
DA:1,3
DA:3,3
LF:2
LH:2
BRF:0
BRH:0
end_of_record
TN:
SF:/home/node/server/services/database-service.js
FN:4,(anonymous_0)
FNF:1
FNH:0
FNDA:0,(anonymous_0)
DA:1,3
DA:3,3
DA:5,0
DA:6,0
DA:7,0
DA:9,0
DA:10,0
LF:7
LH:2
BRF:0
BRH:0
end_of_record
TN:
SF:/home/node/server/services/message-service.js
FN:7,createQueuesIfRequired
FN:13,publishPlan
FNF:2
FNH:1
FNDA:2,createQueuesIfRequired
FNDA:0,publishPlan
DA:1,5
DA:2,5
DA:3,5
DA:5,5
DA:8,2
DA:9,2
DA:14,0
DA:15,0
DA:19,0
DA:20,0
DA:24,5
LF:11
LH:7
BRDA:8,0,0,2
BRDA:8,0,1,0
BRF:2
BRH:1
end_of_record
TN:
SF:/home/node/server/services/plan-service.js
FN:5,(anonymous_0)
FNF:1
FNH:1
FNDA:4,(anonymous_0)
DA:1,6
DA:2,6
DA:4,6
DA:6,4
DA:7,4
DA:8,1
DA:9,1
DA:12,3
DA:13,3
DA:15,3
DA:17,3
LF:11
LH:11
BRDA:7,0,0,1
BRDA:7,0,1,3
BRF:2
BRH:2
end_of_record
TN:
SF:/home/node/server/services/messaging/create-queue.js
FN:3,createQueue
FNF:1
FNH:1
FNDA:4,createQueue
DA:1,7
DA:4,4
DA:5,4
DA:13,4
DA:16,7
LF:5
LH:5
BRDA:3,0,0,4
BRF:1
BRH:1
end_of_record
TN:
SF:/home/node/server/services/messaging/message-consumer.js
FN:5,(anonymous_0)
FN:10,(anonymous_1)
FN:18,(anonymous_2)
FN:20,(anonymous_3)
FN:24,(anonymous_4)
FN:28,(anonymous_5)
FN:33,(anonymous_6)
FN:37,(anonymous_7)
FN:42,(anonymous_8)
FNF:9
FNH:7
FNDA:2,(anonymous_0)
FNDA:2,(anonymous_1)
FNDA:2,(anonymous_2)
FNDA:0,(anonymous_3)
FNDA:1,(anonymous_4)
FNDA:0,(anonymous_5)
FNDA:1,(anonymous_6)
FNDA:2,(anonymous_7)
FNDA:2,(anonymous_8)
DA:1,1
DA:2,1
DA:6,2
DA:7,2
DA:11,2
DA:19,2
DA:20,2
DA:21,0
DA:24,2
DA:25,1
DA:28,2
DA:29,0
DA:34,1
DA:38,2
DA:39,2
DA:43,2
DA:47,1
LF:17
LH:15
BRF:0
BRH:0
end_of_record
TN:
SF:/home/node/server/services/messaging/message-sender.js
FN:4,(anonymous_0)
FN:9,(anonymous_1)
FN:17,(anonymous_2)
FNF:3
FNH:2
FNDA:7,(anonymous_0)
FNDA:0,(anonymous_1)
FNDA:3,(anonymous_2)
DA:1,7
DA:5,7
DA:6,7
DA:10,0
DA:11,0
DA:13,0
DA:18,3
DA:19,3
DA:20,3
DA:21,3
DA:26,0
DA:27,0
DA:32,7
LF:13
LH:8
BRF:0
BRH:0
end_of_record
TN:
SF:/home/node/server/services/messaging/purge-queue.js
FN:3,purgeQueue
FNF:1
FNH:1
FNDA:3,purgeQueue
DA:1,2
DA:4,3
DA:5,3
DA:8,2
LF:4
LH:4
BRF:0
BRH:0
end_of_record
